Jul-10 11:49:01.566 [main] DEBUG nextflow.cli.Launcher - $> nextflow run GCtree_pipeline.nf --input /home/hieu/outdir/mixcr_pipeline_output/data_analysis/02_output/CDR3_0.15 --output /home/hieu/outdir/gctree_output/nextflow_output --deduplicate_src /home/hieu/src/BCRTree_release/gctree/deduplicated.py --modify_tree_colors /home/hieu/src/BCRTree_release/gctree/modify_tree_colors.py --color_path /home/hieu/src/BCRTree_release/gctree/hex_color.csv --file_pattern 'm*/*.fasta' -resume -w work
Jul-10 11:49:01.629 [main] INFO  nextflow.cli.CmdRun - N E X T F L O W  ~  version 22.10.8
Jul-10 11:49:01.645 [main] DEBUG nextflow.plugin.PluginsFacade - Setting up plugin manager > mode=prod; embedded=false; plugins-dir=/root/.nextflow/plugins; core-plugins: nf-amazon@1.11.5,nf-azure@0.14.3,nf-codecommit@0.1.2,nf-console@1.0.4,nf-ga4gh@1.0.5,nf-google@1.4.6,nf-tower@1.5.7-patch0,nf-wave@0.5.5
Jul-10 11:49:01.653 [main] INFO  org.pf4j.DefaultPluginStatusProvider - Enabled plugins: []
Jul-10 11:49:01.653 [main] INFO  org.pf4j.DefaultPluginStatusProvider - Disabled plugins: []
Jul-10 11:49:01.656 [main] INFO  org.pf4j.DefaultPluginManager - PF4J version 3.4.1 in 'deployment' mode
Jul-10 11:49:01.663 [main] INFO  org.pf4j.AbstractPluginManager - No plugins
Jul-10 11:49:01.717 [main] DEBUG nextflow.cli.CmdRun - Applied DSL=1 from script declararion
Jul-10 11:49:01.732 [main] INFO  nextflow.cli.CmdRun - Launching `GCtree_pipeline.nf` [jovial_becquerel] DSL1 - revision: d09cd7eaf1
Jul-10 11:49:01.733 [main] DEBUG nextflow.plugin.PluginsFacade - Plugins default=[]
Jul-10 11:49:01.733 [main] DEBUG nextflow.plugin.PluginsFacade - Plugins resolved requirement=[]
Jul-10 11:49:01.746 [main] DEBUG nextflow.secret.LocalSecretsProvider - Secrets store: /root/.nextflow/secrets/store.json
Jul-10 11:49:01.752 [main] DEBUG nextflow.secret.SecretsLoader - Discovered secrets providers: [nextflow.secret.LocalSecretsProvider@dcc6211] - activable => nextflow.secret.LocalSecretsProvider@dcc6211
Jul-10 11:49:01.802 [main] DEBUG nextflow.Session - Session UUID: d164f812-d019-4698-8177-76adcf790fb9
Jul-10 11:49:01.802 [main] DEBUG nextflow.Session - Run name: jovial_becquerel
Jul-10 11:49:01.803 [main] DEBUG nextflow.Session - Executor pool size: 12
Jul-10 11:49:01.811 [main] DEBUG nextflow.util.ThreadPoolBuilder - Creating thread pool 'FileTransfer' minSize=10; maxSize=36; workQueue=LinkedBlockingQueue[10000]; allowCoreThreadTimeout=false
Jul-10 11:49:01.836 [main] DEBUG nextflow.cli.CmdRun - 
  Version: 22.10.8 build 5859
  Created: 15-04-2023 10:05 UTC 
  System: Linux 5.15.0-97-generic
  Runtime: Groovy 3.0.13 on OpenJDK 64-Bit Server VM 11.0.13+7-b1751.21
  Encoding: UTF-8 (UTF-8)
  Process: 44912@6e0b838ac37a [172.17.0.3]
  CPUs: 12 - Mem: 62.6 GB (2.2 GB) - Swap: 29.8 GB (29 GB)
Jul-10 11:49:01.861 [main] DEBUG nextflow.Session - Work-dir: /home/hieu/src/BCRTree_release/gctree/work [ext2/ext3]
Jul-10 11:49:01.861 [main] DEBUG nextflow.Session - Script base path does not exist or is not a directory: /home/hieu/src/BCRTree_release/gctree/bin
Jul-10 11:49:01.868 [main] DEBUG nextflow.executor.ExecutorFactory - Extension executors providers=[]
Jul-10 11:49:01.877 [main] DEBUG nextflow.Session - Observer factory: DefaultObserverFactory
Jul-10 11:49:01.896 [main] DEBUG nextflow.cache.CacheFactory - Using Nextflow cache factory: nextflow.cache.DefaultCacheFactory
Jul-10 11:49:01.904 [main] DEBUG nextflow.util.CustomThreadPool - Creating default thread pool > poolSize: 13; maxThreads: 1000
Jul-10 11:49:02.001 [main] DEBUG nextflow.Session - Session start
Jul-10 11:49:02.823 [main] DEBUG nextflow.script.ScriptRunner - > Launching execution
Jul-10 11:49:02.858 [PathVisitor-1] DEBUG nextflow.file.PathVisitor - files for syntax: glob; folder: /home/hieu/outdir/mixcr_pipeline_output/data_analysis/02_output/CDR3_0.15/; pattern: m*/*.fasta; options: [:]
Jul-10 11:49:02.945 [main] DEBUG nextflow.executor.ExecutorFactory - << taskConfig executor: null
Jul-10 11:49:02.945 [main] DEBUG nextflow.executor.ExecutorFactory - >> processorType: 'local'
Jul-10 11:49:02.950 [main] DEBUG nextflow.executor.Executor - [warm up] executor > local
Jul-10 11:49:02.954 [main] DEBUG n.processor.LocalPollingMonitor - Creating local task monitor for executor 'local' > cpus=12; memory=62.6 GB; capacity=12; pollInterval=100ms; dumpInterval=5m
Jul-10 11:49:03.040 [main] DEBUG nextflow.executor.ExecutorFactory - << taskConfig executor: null
Jul-10 11:49:03.040 [main] DEBUG nextflow.executor.ExecutorFactory - >> processorType: 'local'
Jul-10 11:49:03.046 [main] DEBUG nextflow.executor.ExecutorFactory - << taskConfig executor: null
Jul-10 11:49:03.047 [main] DEBUG nextflow.executor.ExecutorFactory - >> processorType: 'local'
Jul-10 11:49:03.056 [main] DEBUG nextflow.executor.ExecutorFactory - << taskConfig executor: null
Jul-10 11:49:03.057 [main] DEBUG nextflow.executor.ExecutorFactory - >> processorType: 'local'
Jul-10 11:49:03.066 [main] DEBUG nextflow.Session - Workflow process names [dsl1]: deduplicate, modify_gctree_colors, dnapars_and_inferring_gc_trees, mkconfig
Jul-10 11:49:03.066 [main] DEBUG nextflow.script.ScriptRunner - > Awaiting termination 
Jul-10 11:49:03.066 [main] DEBUG nextflow.Session - Session await
Jul-10 11:49:03.274 [Actor Thread 3] INFO  nextflow.processor.TaskProcessor - [18/e673f6] Cached process > deduplicate (m42_IGHV5-17*01_IGHJ4*01_48_1.aln)
Jul-10 11:49:03.274 [Actor Thread 12] INFO  nextflow.processor.TaskProcessor - [e7/1c1a81] Cached process > deduplicate (m42_IGHV1-26*01_IGHJ1*03_30_1.aln)
Jul-10 11:49:03.274 [Actor Thread 8] INFO  nextflow.processor.TaskProcessor - [82/99db8b] Cached process > deduplicate (m42_IGHV1-72*01_IGHJ2*01_42_1.aln)
Jul-10 11:49:03.274 [Actor Thread 7] INFO  nextflow.processor.TaskProcessor - [c7/05fa5d] Cached process > deduplicate (m42_IGHV3-6*01_IGHJ2*01_54_1.aln)
Jul-10 11:49:03.274 [Actor Thread 5] INFO  nextflow.processor.TaskProcessor - [ad/68cefb] Cached process > deduplicate (m42_IGHV1-42*01_IGHJ2*01_30_1.aln)
Jul-10 11:49:03.274 [Actor Thread 14] INFO  nextflow.processor.TaskProcessor - [ce/9c78d1] Cached process > deduplicate (m42_IGHV9-4*01_IGHJ4*01_45_1.aln)
Jul-10 11:49:03.274 [Actor Thread 9] INFO  nextflow.processor.TaskProcessor - [53/2630d1] Cached process > deduplicate (m42_IGHV14-3*01_IGHJ2*01_30_3.aln)
Jul-10 11:49:03.274 [Actor Thread 4] INFO  nextflow.processor.TaskProcessor - [52/ff0d68] Cached process > deduplicate (m42_IGHV8-12*01_IGHJ4*01_33_1.aln)
Jul-10 11:49:03.274 [Actor Thread 11] INFO  nextflow.processor.TaskProcessor - [cc/c53268] Cached process > deduplicate (m42_IGHV1-82*01_IGHJ4*01_54_1.aln)
Jul-10 11:49:03.274 [Actor Thread 10] INFO  nextflow.processor.TaskProcessor - [2b/24c126] Cached process > deduplicate (m42_IGHV1-64*01_IGHJ2*01_39_2.aln)
Jul-10 11:49:03.274 [Actor Thread 6] INFO  nextflow.processor.TaskProcessor - [1b/6186e2] Cached process > deduplicate (m42_IGHV9-3*01_IGHJ2*01_45_2.aln)
Jul-10 11:49:03.274 [Actor Thread 15] INFO  nextflow.processor.TaskProcessor - [e3/019f7a] Cached process > deduplicate (m42_IGHV14-4*01_IGHJ1*03_48_1.aln)
Jul-10 11:49:03.309 [Actor Thread 15] DEBUG nextflow.util.ThreadPoolBuilder - Creating thread pool 'PublishDir' minSize=10; maxSize=36; workQueue=LinkedBlockingQueue[10000]; allowCoreThreadTimeout=false
Jul-10 11:49:03.324 [Actor Thread 8] INFO  nextflow.processor.TaskProcessor - [9a/0dd68e] Cached process > deduplicate (m42_IGHV1-75*01_IGHJ2*01_30_1.aln)
Jul-10 11:49:03.324 [Actor Thread 7] INFO  nextflow.processor.TaskProcessor - [41/389ae2] Cached process > deduplicate (m42_IGHV8-12*01_IGHJ1*03_60_1.aln)
Jul-10 11:49:03.324 [Actor Thread 6] INFO  nextflow.processor.TaskProcessor - [0d/cc9a84] Cached process > deduplicate (m42_IGHV1-62_IGHJ2*01_42_1.aln)
Jul-10 11:49:03.326 [Actor Thread 12] INFO  nextflow.processor.TaskProcessor - [f4/31a894] Cached process > deduplicate (m42_IGHV1-5*01_IGHJ1*03_42_1.aln)
Jul-10 11:49:03.326 [Actor Thread 10] INFO  nextflow.processor.TaskProcessor - [09/d5e662] Cached process > deduplicate (m42_IGHV3-6*01_IGHJ1*03_36_1.aln)
Jul-10 11:49:03.326 [Actor Thread 4] INFO  nextflow.processor.TaskProcessor - [bc/a0cd52] Cached process > deduplicate (m42_IGHV8-12*01_IGHJ4*01_48_1.aln)
Jul-10 11:49:03.328 [Actor Thread 9] INFO  nextflow.processor.TaskProcessor - [74/7f7c5b] Cached process > deduplicate (m42_IGHV1-76*01_IGHJ3*01_39_1.aln)
Jul-10 11:49:03.328 [Actor Thread 15] INFO  nextflow.processor.TaskProcessor - [8f/4c9854] Cached process > deduplicate (m42_IGHV6-3*01_IGHJ4*01_36_1.aln)
Jul-10 11:49:03.328 [Actor Thread 14] INFO  nextflow.processor.TaskProcessor - [60/30a7fc] Cached process > deduplicate (m42_IGHV1-53*01_IGHJ3*01_42_1.aln)
Jul-10 11:49:03.332 [Actor Thread 11] INFO  nextflow.processor.TaskProcessor - [cd/396ee6] Cached process > deduplicate (m42_IGHV1-61*01_IGHJ4*01_60_2.aln)
Jul-10 11:49:03.333 [Actor Thread 3] INFO  nextflow.processor.TaskProcessor - [bc/4f8d1e] Cached process > deduplicate (m42_IGHV5-16*01_IGHJ3*01_39_1.aln)
Jul-10 11:49:03.338 [Actor Thread 7] INFO  nextflow.processor.TaskProcessor - [47/354eda] Cached process > deduplicate (m42_IGHV1-59*01_IGHJ1*03_45_1.aln)
Jul-10 11:49:03.339 [Actor Thread 10] INFO  nextflow.processor.TaskProcessor - [8c/11b9ff] Cached process > deduplicate (m42_IGHV13-2*01_IGHJ4*01_42_1.aln)
Jul-10 11:49:03.339 [Actor Thread 6] INFO  nextflow.processor.TaskProcessor - [0e/a959c6] Cached process > deduplicate (m42_IGHV1-26*01_IGHJ4*01_51_1.aln)
Jul-10 11:49:03.341 [Actor Thread 11] INFO  nextflow.processor.TaskProcessor - [08/c4d965] Cached process > deduplicate (m42_IGHV1-18*01_IGHJ4*01_45_2.aln)
Jul-10 11:49:03.347 [Actor Thread 9] INFO  nextflow.processor.TaskProcessor - [0e/2978a2] Cached process > deduplicate (m42_IGHV1-19*01_IGHJ3*01_36_2.aln)
Jul-10 11:49:03.347 [Actor Thread 15] INFO  nextflow.processor.TaskProcessor - [80/a1b6bc] Cached process > deduplicate (m42_IGHV1-26*01_IGHJ3*01_24_1.aln)
Jul-10 11:49:03.349 [Actor Thread 6] INFO  nextflow.processor.TaskProcessor - [a7/b8ffc0] Cached process > deduplicate (m42_IGHV1-58*01_IGHJ1*03_45_1.aln)
Jul-10 11:49:03.354 [Actor Thread 19] INFO  nextflow.processor.TaskProcessor - [b3/578c2b] Cached process > deduplicate (m42_IGHV1-52*01_IGHJ1*03_45_2.aln)
Jul-10 11:49:03.356 [Actor Thread 7] INFO  nextflow.processor.TaskProcessor - [40/822c0c] Cached process > deduplicate (m42_IGHV3-6*01_IGHJ3*01_51_1.aln)
Jul-10 11:49:03.359 [Actor Thread 28] INFO  nextflow.processor.TaskProcessor - [b0/a7596a] Cached process > deduplicate (m42_IGHV1-55*01_IGHJ4*01_45_1.aln)
Jul-10 11:49:03.361 [Task submitter] DEBUG n.executor.local.LocalTaskHandler - Launch cmd line: /bin/bash -ue .command.run
Jul-10 11:49:03.362 [Task submitter] INFO  nextflow.Session - [b9/3dd8aa] Submitted process > mkconfig (m42_IGHV3-6*01_IGHJ2*01_54_1.aln)
Jul-10 11:49:03.363 [Actor Thread 14] INFO  nextflow.processor.TaskProcessor - [d8/006d53] Cached process > deduplicate (m42_IGHV6-6*01_IGHJ4*01_39_1.aln)
Jul-10 11:49:03.367 [Actor Thread 12] INFO  nextflow.processor.TaskProcessor - [e2/dbf348] Cached process > deduplicate (m42_IGHV1-53*01_IGHJ3*02_36_1.aln)
Jul-10 11:49:03.367 [Actor Thread 3] INFO  nextflow.processor.TaskProcessor - [a7/492fc3] Cached process > deduplicate (m42_IGHV1-26*01_IGHJ2*01_24_2.aln)
Jul-10 11:49:03.368 [Actor Thread 11] INFO  nextflow.processor.TaskProcessor - [30/3cd8f4] Cached process > deduplicate (m42_IGHV3-1*01_IGHJ2*01_39_1.aln)
Jul-10 11:49:03.369 [Actor Thread 9] INFO  nextflow.processor.TaskProcessor - [92/6f86e9] Cached process > deduplicate (m42_IGHV5-2*01_IGHJ4*01_42_1.aln)
Jul-10 11:49:03.370 [Actor Thread 5] INFO  nextflow.processor.TaskProcessor - [d4/1cce22] Cached process > deduplicate (m42_IGHV1-85*01_IGHJ2*01_39_2.aln)
Jul-10 11:49:03.374 [Actor Thread 24] INFO  nextflow.processor.TaskProcessor - [8c/0840ab] Cached process > deduplicate (m42_IGHV9-3*01_IGHJ3*01_36_1.aln)
Jul-10 11:49:03.375 [Actor Thread 19] INFO  nextflow.processor.TaskProcessor - [29/87d303] Cached process > deduplicate (m42_IGHV1-53*01_IGHJ2*01_48_1.aln)
Jul-10 11:49:03.376 [Actor Thread 15] INFO  nextflow.processor.TaskProcessor - [db/5661ab] Cached process > deduplicate (m42_IGHV1-39*01_IGHJ4*01_39_4.aln)
Jul-10 11:49:03.377 [Actor Thread 11] INFO  nextflow.processor.TaskProcessor - [39/475d86] Cached process > deduplicate (m42_IGHV5-16*01_IGHJ1*03_39_1.aln)
Jul-10 11:49:03.377 [Task submitter] DEBUG n.executor.local.LocalTaskHandler - Launch cmd line: /bin/bash -ue .command.run
Jul-10 11:49:03.378 [Actor Thread 29] INFO  nextflow.processor.TaskProcessor - [e8/a1b7ee] Cached process > deduplicate (m42_IGHV1-26*01_IGHJ3*01_45_2.aln)
Jul-10 11:49:03.378 [Task submitter] INFO  nextflow.Session - [50/e0cbf3] Submitted process > mkconfig (m42_IGHV1-75*01_IGHJ2*01_30_1.aln)
Jul-10 11:49:03.381 [Actor Thread 5] INFO  nextflow.processor.TaskProcessor - [df/cb4dd9] Cached process > deduplicate (m42_IGHV1-77*01_IGHJ2*01_39_1.aln)
Jul-10 11:49:03.386 [Actor Thread 15] INFO  nextflow.processor.TaskProcessor - [94/c995b3] Cached process > deduplicate (m42_IGHV1-18*01_IGHJ1*03_54_1.aln)
Jul-10 11:49:03.390 [Actor Thread 28] INFO  nextflow.processor.TaskProcessor - [32/ac0416] Cached process > deduplicate (m42_IGHV1-75*01_IGHJ3*01_39_1.aln)
Jul-10 11:49:03.383 [Actor Thread 10] INFO  nextflow.processor.TaskProcessor - [c7/5e1c1f] Cached process > deduplicate (m42_IGHV1-66*01_IGHJ1*03_39_1.aln)
Jul-10 11:49:03.388 [Actor Thread 25] INFO  nextflow.processor.TaskProcessor - [7b/9ddf99] Cached process > deduplicate (m42_IGHV1-39*01_IGHJ4*01_42_1.aln)
Jul-10 11:49:03.386 [Actor Thread 9] INFO  nextflow.processor.TaskProcessor - [1b/50f1ee] Cached process > deduplicate (m42_IGHV1-15*01_IGHJ2*01_27_1.aln)
Jul-10 11:49:03.389 [Actor Thread 3] INFO  nextflow.processor.TaskProcessor - [64/8401ad] Cached process > deduplicate (m42_IGHV1-39*01_IGHJ4*01_39_5.aln)
Jul-10 11:49:03.389 [Task submitter] DEBUG n.executor.local.LocalTaskHandler - Launch cmd line: /bin/bash -ue .command.run
Jul-10 11:49:03.390 [Actor Thread 19] INFO  nextflow.processor.TaskProcessor - [75/c157a4] Cached process > deduplicate (m42_IGHV1-85*01_IGHJ2*01_39_1.aln)
Jul-10 11:49:03.408 [Actor Thread 29] INFO  nextflow.processor.TaskProcessor - [80/2e99af] Cached process > deduplicate (m42_IGHV1-39*01_IGHJ4*01_45_1.aln)
Jul-10 11:49:03.409 [Actor Thread 12] INFO  nextflow.processor.TaskProcessor - [45/e64c30] Cached process > deduplicate (m42_IGHV5-21*01_IGHJ3*01_37_1.aln)
Jul-10 11:49:03.410 [Actor Thread 24] INFO  nextflow.processor.TaskProcessor - [f5/4e9450] Cached process > deduplicate (m42_IGHV5-12*01_IGHJ1*03_54_1.aln)
Jul-10 11:49:03.412 [Actor Thread 21] INFO  nextflow.processor.TaskProcessor - [bb/e17c1e] Cached process > deduplicate (m42_IGHV1-47*01_IGHJ4*01_42_1.aln)
Jul-10 11:49:03.415 [Actor Thread 11] INFO  nextflow.processor.TaskProcessor - [52/edfae2] Cached process > deduplicate (m42_IGHV1-39*01_IGHJ4*01_39_7.aln)
Jul-10 11:49:03.417 [Actor Thread 25] INFO  nextflow.processor.TaskProcessor - [ae/4e3b1a] Cached process > deduplicate (m42_IGHV8-8*01_IGHJ1*03_42_1.aln)
Jul-10 11:49:03.418 [Task submitter] INFO  nextflow.Session - [fa/429666] Submitted process > mkconfig (m42_IGHV8-12*01_IGHJ1*03_60_1.aln)
Jul-10 11:49:03.421 [Actor Thread 18] INFO  nextflow.processor.TaskProcessor - [1c/3ece5f] Cached process > deduplicate (m42_IGHV3-5*01_IGHJ2*01_42_1.aln)
Jul-10 11:49:03.423 [Task submitter] DEBUG n.executor.local.LocalTaskHandler - Launch cmd line: /bin/bash -ue .command.run
Jul-10 11:49:03.424 [Task submitter] INFO  nextflow.Session - [0a/76fac5] Submitted process > mkconfig (m42_IGHV1-5*01_IGHJ1*03_42_1.aln)
Jul-10 11:49:03.424 [Actor Thread 19] INFO  nextflow.processor.TaskProcessor - [50/7624fa] Cached process > deduplicate (m42_IGHV1-19*01_IGHJ2*01_48_1.aln)
Jul-10 11:49:03.425 [Actor Thread 12] INFO  nextflow.processor.TaskProcessor - [36/74d313] Cached process > deduplicate (m42_IGHV1-20*01_IGHJ1*03_42_1.aln)
Jul-10 11:49:03.425 [Actor Thread 27] INFO  nextflow.processor.TaskProcessor - [aa/05de95] Cached process > deduplicate (m42_IGHV3-8*01_IGHJ1*03_54_1.aln)
Jul-10 11:49:03.427 [Actor Thread 3] INFO  nextflow.processor.TaskProcessor - [2e/ac0c09] Cached process > deduplicate (m42_IGHV1-82*01_IGHJ4*01_54_2.aln)
Jul-10 11:49:03.431 [Actor Thread 6] INFO  nextflow.processor.TaskProcessor - [34/411774] Cached process > deduplicate (m42_IGHV1-26*01_IGHJ3*01_39_1.aln)
Jul-10 11:49:03.431 [Actor Thread 9] INFO  nextflow.processor.TaskProcessor - [08/959736] Cached process > deduplicate (m42_IGHV1-26*01_IGHJ2*01_39_2.aln)
Jul-10 11:49:03.434 [Task submitter] DEBUG n.executor.local.LocalTaskHandler - Launch cmd line: /bin/bash -ue .command.run
Jul-10 11:49:03.437 [Actor Thread 4] INFO  nextflow.processor.TaskProcessor - [99/09f035] Cached process > deduplicate (m42_IGHV7-3*01_IGHJ2*01_36_1.aln)
Jul-10 11:49:03.437 [Actor Thread 10] INFO  nextflow.processor.TaskProcessor - [f6/9b6708] Cached process > deduplicate (m42_IGHV1-82*01_IGHJ1*03_45_1.aln)
Jul-10 11:49:03.437 [Actor Thread 19] INFO  nextflow.processor.TaskProcessor - [8e/7e084e] Cached process > deduplicate (m42_IGHV1-15*01_IGHJ3*01_39_2.aln)
Jul-10 11:49:03.440 [Actor Thread 18] INFO  nextflow.processor.TaskProcessor - [53/3dabaf] Cached process > deduplicate (m42_IGHV8-8*01_IGHJ2*01_48_1.aln)
Jul-10 11:49:03.441 [Actor Thread 15] INFO  nextflow.processor.TaskProcessor - [b4/27277f] Cached process > deduplicate (m42_IGHV1-82*01_IGHJ3*01_30_1.aln)
Jul-10 11:49:03.441 [Actor Thread 1] INFO  nextflow.processor.TaskProcessor - [d2/60451a] Cached process > deduplicate (m42_IGHV1-80*01_IGHJ3*01_54_1.aln)
Jul-10 11:49:03.442 [Actor Thread 22] INFO  nextflow.processor.TaskProcessor - [50/f40e62] Cached process > deduplicate (m42_IGHV3-6*01_IGHJ3*01_51_2.aln)
Jul-10 11:49:03.446 [Actor Thread 12] INFO  nextflow.processor.TaskProcessor - [82/ef3771] Cached process > deduplicate (m42_IGHV8-12*01_IGHJ3*01_39_1.aln)
Jul-10 11:49:03.455 [Actor Thread 24] INFO  nextflow.processor.TaskProcessor - [f6/29ea90] Cached process > deduplicate (m42_IGHV1-76*01_IGHJ2*01_48_1.aln)
Jul-10 11:49:03.455 [Actor Thread 23] INFO  nextflow.processor.TaskProcessor - [c9/35a737] Cached process > deduplicate (m42_IGHV1-64*01_IGHJ4*01_42_2.aln)
Jul-10 11:49:03.458 [Actor Thread 8] INFO  nextflow.processor.TaskProcessor - [81/b84bb5] Cached process > deduplicate (m42_IGHV1-77*01_IGHJ2*01_39_2.aln)
Jul-10 11:49:03.460 [Actor Thread 4] INFO  nextflow.processor.TaskProcessor - [7d/ba4402] Cached process > deduplicate (m42_IGHV8-12*01_IGHJ1*03_48_2.aln)
Jul-10 11:49:03.461 [Actor Thread 29] INFO  nextflow.processor.TaskProcessor - [11/0068c8] Cached process > deduplicate (m42_IGHV1-81*01_IGHJ4*01_36_1.aln)
Jul-10 11:49:03.461 [Actor Thread 15] INFO  nextflow.processor.TaskProcessor - [b5/939208] Cached process > deduplicate (m42_IGHV1-74*01_IGHJ1*03_42_2.aln)
Jul-10 11:49:03.462 [Task submitter] INFO  nextflow.Session - [da/545196] Submitted process > mkconfig (m42_IGHV1-42*01_IGHJ2*01_30_1.aln)
Jul-10 11:49:03.463 [Actor Thread 28] INFO  nextflow.processor.TaskProcessor - [cb/4c883c] Cached process > deduplicate (m42_IGHV1-39*01_IGHJ3*01_39_1.aln)
Jul-10 11:49:03.464 [Actor Thread 12] INFO  nextflow.processor.TaskProcessor - [5e/c5d854] Cached process > deduplicate (m42_IGHV1-55*01_IGHJ1*03_27_1.aln)
Jul-10 11:49:03.467 [Task submitter] DEBUG n.executor.local.LocalTaskHandler - Launch cmd line: /bin/bash -ue .command.run
Jul-10 11:49:03.469 [Actor Thread 18] INFO  nextflow.processor.TaskProcessor - [81/b1ce98] Cached process > deduplicate (m42_IGHV1-55*01_IGHJ4*01_42_2.aln)
Jul-10 11:49:03.470 [Actor Thread 8] INFO  nextflow.processor.TaskProcessor - [33/847b2e] Cached process > deduplicate (m42_IGHV2-2*01_IGHJ1*03_39_1.aln)
Jul-10 11:49:03.473 [Actor Thread 27] INFO  nextflow.processor.TaskProcessor - [40/07292d] Cached process > deduplicate (m42_IGHV5-6*01_IGHJ2*01_33_1.aln)
Jul-10 11:49:03.451 [Actor Thread 11] INFO  nextflow.processor.TaskProcessor - [0f/a5c98d] Cached process > deduplicate (m42_IGHV1-78*01_IGHJ4*01_39_2.aln)
Jul-10 11:49:03.481 [Actor Thread 21] INFO  nextflow.processor.TaskProcessor - [1f/4e9d0e] Cached process > deduplicate (m42_IGHV1-59*01_IGHJ1*01_45_1.aln)
Jul-10 11:49:03.484 [Actor Thread 4] INFO  nextflow.processor.TaskProcessor - [70/bd8228] Cached process > deduplicate (m42_IGHV1-22*01_IGHJ4*01_48_1.aln)
Jul-10 11:49:03.483 [Actor Thread 1] INFO  nextflow.processor.TaskProcessor - [71/cc7c6d] Cached process > deduplicate (m42_IGHV8-8*01_IGHJ2*01_47_1.aln)
Jul-10 11:49:03.487 [Actor Thread 22] INFO  nextflow.processor.TaskProcessor - [44/75c6fd] Cached process > deduplicate (m42_IGHV1-64*01_IGHJ2*01_39_3.aln)
Jul-10 11:49:03.488 [Actor Thread 24] INFO  nextflow.processor.TaskProcessor - [73/a1e4fe] Cached process > deduplicate (m42_IGHV1-15*01_IGHJ3*01_45_1.aln)
Jul-10 11:49:03.492 [Actor Thread 16] INFO  nextflow.processor.TaskProcessor - [ea/705cfb] Cached process > deduplicate (m42_IGHV1-64*01_IGHJ3*01_39_1.aln)
Jul-10 11:49:03.494 [Actor Thread 4] INFO  nextflow.processor.TaskProcessor - [dd/5590bb] Cached process > deduplicate (m42_IGHV1-36*01_IGHJ2*01_51_1.aln)
Jul-10 11:49:03.497 [Actor Thread 6] INFO  nextflow.processor.TaskProcessor - [e6/ca04ba] Cached process > deduplicate (m42_IGHV5-4*01_IGHJ2*01_33_1.aln)
Jul-10 11:49:03.498 [Actor Thread 8] INFO  nextflow.processor.TaskProcessor - [1d/c61305] Cached process > deduplicate (m42_IGHV1-53*01_IGHJ3*01_36_3.aln)
Jul-10 11:49:03.505 [Actor Thread 24] INFO  nextflow.processor.TaskProcessor - [9e/5fe9fc] Cached process > deduplicate (m42_IGHV1-55*01_IGHJ2*01_36_1.aln)
Jul-10 11:49:03.505 [Actor Thread 11] INFO  nextflow.processor.TaskProcessor - [b2/2c9700] Cached process > deduplicate (m42_IGHV1-81*01_IGHJ1*03_48_3.aln)
Jul-10 11:49:03.506 [Actor Thread 15] INFO  nextflow.processor.TaskProcessor - [e8/b97dde] Cached process > deduplicate (m42_IGHV1-82*01_IGHJ4*01_48_1.aln)
Jul-10 11:49:03.506 [Actor Thread 21] INFO  nextflow.processor.TaskProcessor - [54/d8a0fe] Cached process > deduplicate (m42_IGHV5-4*01_IGHJ1*03_33_1.aln)
Jul-10 11:49:03.523 [Actor Thread 25] INFO  nextflow.processor.TaskProcessor - [f1/84de5d] Cached process > deduplicate (m42_IGHV1-72*01_IGHJ4*01_54_1.aln)
Jul-10 11:49:03.527 [Actor Thread 23] INFO  nextflow.processor.TaskProcessor - [e9/a990e3] Cached process > deduplicate (m42_IGHV3-6*01_IGHJ3*01_48_1.aln)
Jul-10 11:49:03.528 [Actor Thread 29] INFO  nextflow.processor.TaskProcessor - [29/07a467] Cached process > deduplicate (m42_IGHV3-6*01_IGHJ4*01_36_1.aln)
Jul-10 11:49:03.538 [Actor Thread 22] INFO  nextflow.processor.TaskProcessor - [5f/08d599] Cached process > deduplicate (m42_IGHV1-42*01_IGHJ2*01_30_3.aln)
Jul-10 11:49:03.543 [Actor Thread 3] INFO  nextflow.processor.TaskProcessor - [d0/8647af] Cached process > deduplicate (m42_IGHV1-15*01_IGHJ1*03_48_1.aln)
Jul-10 11:49:03.543 [Actor Thread 24] INFO  nextflow.processor.TaskProcessor - [7a/530429] Cached process > deduplicate (m42_IGHV1-72*01_IGHJ2*01_48_1.aln)
Jul-10 11:49:03.545 [Actor Thread 16] INFO  nextflow.processor.TaskProcessor - [b1/52b87e] Cached process > deduplicate (m42_IGHV9-3*01_IGHJ2*01_45_1.aln)
Jul-10 11:49:03.545 [Actor Thread 26] INFO  nextflow.processor.TaskProcessor - [1d/5e2e02] Cached process > deduplicate (m42_IGHV3-1*01_IGHJ2*01_51_2.aln)
Jul-10 11:49:03.547 [Task submitter] INFO  nextflow.Session - [61/ea89c1] Submitted process > deduplicate (m42_IGHV1-4*01_IGHJ2*01_39_1.aln)
Jul-10 11:49:03.558 [Actor Thread 30] INFO  nextflow.processor.TaskProcessor - [9b/e818f1] Cached process > deduplicate (m42_IGHV1-53*01_IGHJ2*01_51_2.aln)
Jul-10 11:49:03.557 [Actor Thread 6] INFO  nextflow.processor.TaskProcessor - [84/23b228] Cached process > deduplicate (m42_IGHV1-12*01_IGHJ2*01_27_1.aln)
Jul-10 11:49:03.560 [Actor Thread 10] INFO  nextflow.processor.TaskProcessor - [6b/7c1022] Cached process > deduplicate (m42_IGHV1-78*01_IGHJ1*03_51_2.aln)
Jul-10 11:49:03.564 [Actor Thread 11] INFO  nextflow.processor.TaskProcessor - [2b/7b7904] Cached process > deduplicate (m42_IGHV1-26*01_IGHJ3*01_45_1.aln)
Jul-10 11:49:03.557 [Actor Thread 21] INFO  nextflow.processor.TaskProcessor - [89/418402] Cached process > deduplicate (m42_IGHV5-17*01_IGHJ3*01_39_1.aln)
Jul-10 11:49:03.565 [Actor Thread 22] INFO  nextflow.processor.TaskProcessor - [e5/fd62de] Cached process > deduplicate (m42_IGHV1-62_IGHJ3*01_51_1.aln)
Jul-10 11:49:03.557 [Actor Thread 1] INFO  nextflow.processor.TaskProcessor - [25/16e0e1] Cached process > deduplicate (m42_IGHV14-3*01_IGHJ1*03_45_1.aln)
Jul-10 11:49:03.557 [Actor Thread 16] INFO  nextflow.processor.TaskProcessor - [24/5f8d38] Cached process > deduplicate (m42_IGHV9-3*01_IGHJ2*01_33_1.aln)
Jul-10 11:49:03.555 [Actor Thread 8] INFO  nextflow.processor.TaskProcessor - [0b/341f37] Cached process > deduplicate (m42_IGHV3-6*01_IGHJ2*01_24_2.aln)
Jul-10 11:49:03.547 [Actor Thread 4] INFO  nextflow.processor.TaskProcessor - [63/5e4dc1] Cached process > deduplicate (m42_IGHV1-47*01_IGHJ4*01_42_2.aln)
Jul-10 11:49:03.569 [Actor Thread 25] INFO  nextflow.processor.TaskProcessor - [97/4d6acd] Cached process > deduplicate (m42_IGHV1-26*01_IGHJ2*01_33_1.aln)
Jul-10 11:49:03.575 [Actor Thread 15] INFO  nextflow.processor.TaskProcessor - [4b/c0d409] Cached process > deduplicate (m42_IGHV1-34*01_IGHJ1*03_45_1.aln)
Jul-10 11:49:03.552 [Actor Thread 19] INFO  nextflow.processor.TaskProcessor - [3a/5731cb] Cached process > deduplicate (m42_IGHV10-3*01_IGHJ3*01_30_1.aln)
Jul-10 11:49:03.578 [Actor Thread 5] INFO  nextflow.processor.TaskProcessor - [ff/4f0a53] Cached process > deduplicate (m42_IGHV1-77*01_IGHJ2*01_36_1.aln)
Jul-10 11:49:03.578 [Actor Thread 8] INFO  nextflow.processor.TaskProcessor - [55/f6670e] Cached process > deduplicate (m42_IGHV1-39*01_IGHJ4*01_42_2.aln)
Jul-10 11:49:03.575 [Actor Thread 30] INFO  nextflow.processor.TaskProcessor - [4b/c43ba6] Cached process > deduplicate (m42_IGHV3-1*01_IGHJ2*01_51_3.aln)
Jul-10 11:49:03.582 [Actor Thread 29] INFO  nextflow.processor.TaskProcessor - [2c/095714] Cached process > deduplicate (m42_IGHV1-55*01_IGHJ4*01_42_1.aln)
Jul-10 11:49:03.584 [Actor Thread 9] INFO  nextflow.processor.TaskProcessor - [ab/5bbe91] Cached process > deduplicate (m42_IGHV1-64*01_IGHJ3*01_45_1.aln)
Jul-10 11:49:03.585 [Actor Thread 4] INFO  nextflow.processor.TaskProcessor - [27/a24b75] Cached process > deduplicate (m42_IGHV8-8*01_IGHJ3*01_42_1.aln)
Jul-10 11:49:03.574 [Actor Thread 23] INFO  nextflow.processor.TaskProcessor - [ca/0baf45] Cached process > deduplicate (m42_IGHV1-19*01_IGHJ4*01_54_2.aln)
Jul-10 11:49:03.585 [Actor Thread 11] INFO  nextflow.processor.TaskProcessor - [ee/76fee8] Cached process > deduplicate (m42_IGHV9-3*01_IGHJ3*01_39_1.aln)
Jul-10 11:49:03.589 [Actor Thread 29] INFO  nextflow.processor.TaskProcessor - [74/8084bc] Cached process > deduplicate (m42_IGHV9-4*01_IGHJ4*01_33_1.aln)
Jul-10 11:49:03.590 [Actor Thread 8] INFO  nextflow.processor.TaskProcessor - [58/bae593] Cached process > deduplicate (m42_IGHV1-9*01_IGHJ4*01_48_2.aln)
Jul-10 11:49:03.594 [Actor Thread 1] INFO  nextflow.processor.TaskProcessor - [7e/8c8a63] Cached process > deduplicate (m42_IGHV1-26*01_IGHJ2*01_45_1.aln)
Jul-10 11:49:03.594 [Actor Thread 26] INFO  nextflow.processor.TaskProcessor - [0d/4181a8] Cached process > deduplicate (m42_IGHV1-59*01_IGHJ1*03_57_1.aln)
Jul-10 11:49:03.594 [Actor Thread 5] INFO  nextflow.processor.TaskProcessor - [7e/a88d3b] Cached process > deduplicate (m42_IGHV1-80*01_IGHJ2*01_39_1.aln)
Jul-10 11:49:03.594 [Actor Thread 14] INFO  nextflow.processor.TaskProcessor - [28/021dbd] Cached process > deduplicate (m42_IGHV1-62_IGHJ2*01_51_1.aln)
Jul-10 11:49:03.599 [Actor Thread 15] INFO  nextflow.processor.TaskProcessor - [be/9a5716] Cached process > deduplicate (m42_IGHV11-2*01_IGHJ1*03_33_1.aln)
Jul-10 11:49:03.601 [Actor Thread 6] INFO  nextflow.processor.TaskProcessor - [77/318364] Cached process > deduplicate (m42_IGHV1-82*01_IGHJ2*01_39_2.aln)
Jul-10 11:49:03.602 [Actor Thread 30] INFO  nextflow.processor.TaskProcessor - [8a/10c705] Cached process > deduplicate (m42_IGHV1-15*01_IGHJ3*01_51_1.aln)
Jul-10 11:49:03.605 [Actor Thread 4] INFO  nextflow.processor.TaskProcessor - [11/4e739c] Cached process > deduplicate (m42_IGHV1-62_IGHJ2*01_33_1.aln)
Jul-10 11:49:03.609 [Actor Thread 8] INFO  nextflow.processor.TaskProcessor - [4c/106964] Cached process > deduplicate (m42_IGHV1-9*01_IGHJ3*01_36_1.aln)
Jul-10 11:49:03.610 [Actor Thread 7] INFO  nextflow.processor.TaskProcessor - [0d/0b283f] Cached process > deduplicate (m42_IGHV1-12*01_IGHJ2*01_42_1.aln)
Jul-10 11:49:03.619 [Actor Thread 12] INFO  nextflow.processor.TaskProcessor - [65/a7b35e] Cached process > deduplicate (m42_IGHV8-8*01_IGHJ1*03_42_2.aln)
Jul-10 11:49:03.620 [Actor Thread 29] INFO  nextflow.processor.TaskProcessor - [ce/fcc6ba] Cached process > deduplicate (m42_IGHV5-4*01_IGHJ2*01_27_1.aln)
Jul-10 11:49:03.619 [Actor Thread 11] INFO  nextflow.processor.TaskProcessor - [de/d4dbb9] Cached process > deduplicate (m42_IGHV2-6*01_IGHJ4*01_33_1.aln)
Jul-10 11:49:03.623 [Actor Thread 6] INFO  nextflow.processor.TaskProcessor - [10/72baf3] Cached process > deduplicate (m42_IGHV1-52*01_IGHJ4*01_60_5.aln)
Jul-10 11:49:03.623 [Actor Thread 30] INFO  nextflow.processor.TaskProcessor - [a0/560da4] Cached process > deduplicate (m42_IGHV6-3*01_IGHJ4*01_51_1.aln)
Jul-10 11:49:03.630 [Actor Thread 11] INFO  nextflow.processor.TaskProcessor - [d2/14a4b7] Cached process > deduplicate (m42_IGHV1-74*01_IGHJ1*03_42_1.aln)
Jul-10 11:49:03.637 [Actor Thread 23] INFO  nextflow.processor.TaskProcessor - [41/1f51fd] Cached process > deduplicate (m42_IGHV2-5*01_IGHJ4*01_60_1.aln)
Jul-10 11:49:03.638 [Actor Thread 10] INFO  nextflow.processor.TaskProcessor - [60/4f241e] Cached process > deduplicate (m42_IGHV2-9_IGHJ4*01_39_1.aln)
Jul-10 11:49:03.641 [Actor Thread 20] INFO  nextflow.processor.TaskProcessor - [fb/6655fb] Cached process > deduplicate (m42_IGHV1-42*01_IGHJ4*01_54_3.aln)
Jul-10 11:49:03.645 [Actor Thread 26] INFO  nextflow.processor.TaskProcessor - [b2/c6d148] Cached process > deduplicate (m42_IGHV1-78*01_IGHJ4*01_39_3.aln)
Jul-10 11:49:03.645 [Actor Thread 21] INFO  nextflow.processor.TaskProcessor - [d3/4b9ba4] Cached process > deduplicate (m42_IGHV1-52*01_IGHJ4*01_60_1.aln)
Jul-10 11:49:03.645 [Actor Thread 19] INFO  nextflow.processor.TaskProcessor - [a0/8185a8] Cached process > deduplicate (m42_IGHV9-1*01_IGHJ1*03_48_1.aln)
Jul-10 11:49:03.645 [Actor Thread 14] INFO  nextflow.processor.TaskProcessor - [8f/75d792] Cached process > deduplicate (m42_IGHV1-53*01_IGHJ3*01_36_2.aln)
Jul-10 11:49:03.679 [Task monitor] DEBUG n.processor.TaskPollingMonitor - Task completed > TaskHandler[id: 95; name: deduplicate (m42_IGHV1-4*01_IGHJ2*01_39_1.aln); status: COMPLETED; exit: 1; error: -; workDir: /home/hieu/src/BCRTree_release/gctree/work/61/ea89c1b6b87a487720adaa088dd7ac]
Jul-10 11:49:03.730 [Task submitter] DEBUG n.executor.local.LocalTaskHandler - Launch cmd line: /bin/bash -ue .command.run
Jul-10 11:49:03.738 [Task submitter] INFO  nextflow.Session - [5f/868320] Submitted process > deduplicate (m42_IGHV2-2*01_IGHJ3*01_21_1.aln)
Jul-10 11:49:03.740 [Task monitor] DEBUG nextflow.processor.TaskRun - Unable to dump output of process 'deduplicate (m42_IGHV1-4*01_IGHJ2*01_39_1.aln)' -- Cause: java.nio.file.NoSuchFileException: /home/hieu/src/BCRTree_release/gctree/work/61/ea89c1b6b87a487720adaa088dd7ac/.command.out
Jul-10 11:49:03.741 [Task submitter] DEBUG n.executor.local.LocalTaskHandler - Launch cmd line: /bin/bash -ue .command.run
Jul-10 11:49:03.742 [Task monitor] ERROR nextflow.processor.TaskProcessor - Error executing process > 'deduplicate (m42_IGHV1-4*01_IGHJ2*01_39_1.aln)'

Caused by:
  Process `deduplicate (m42_IGHV1-4*01_IGHJ2*01_39_1.aln)` terminated with an error exit status (1)

Command executed:

  cat m42_IGHV1-4*01_IGHJ2*01_39_1.aln.fasta | sed "s/>.*|Abundance:\([0-9]\+\)/>\1/" > m42_IGHV1-4*01_IGHJ2*01_39_1.aln.fasta.modified.fa
  python deduplicated.py         --input m42_IGHV1-4*01_IGHJ2*01_39_1.aln.fasta.modified.fa         --root GL         --frame 0         --id_abundances         --output_name m42_IGHV1-4*01_IGHJ2*01_39_1.aln         --output .

Command exit status:
  1

Command output:
  (empty)

Command error:
  ln: target 'm42_IGHV1-4*01_IGHJ2*01_39_1.aln.fasta': No such file or directory

Work dir:
  /home/hieu/src/BCRTree_release/gctree/work/61/ea89c1b6b87a487720adaa088dd7ac

Tip: you can try to figure out what's wrong by changing to the process work dir and showing the script file named `.command.sh`
Jul-10 11:49:03.759 [Task monitor] DEBUG nextflow.Session - Session aborted -- Cause: Process `deduplicate (m42_IGHV1-4*01_IGHJ2*01_39_1.aln)` terminated with an error exit status (1)
Jul-10 11:49:03.775 [Task submitter] INFO  nextflow.Session - [82/fc0bf1] Submitted process > deduplicate (m42_IGHV1-54*01_IGHJ3*01_45_1.aln)
Jul-10 11:49:03.782 [Task monitor] DEBUG nextflow.Session - The following nodes are still active:
[process] deduplicate
  status=ACTIVE
  port 0: (queue) OPEN  ; channel: -
  port 1: (value) bound ; channel: deduplicate_src
  port 2: (cntrl) -     ; channel: $

[process] mkconfig
  status=ACTIVE
  port 0: (queue) OPEN  ; channel: -
  port 1: (cntrl) -     ; channel: $

[process] dnapars_and_inferring_gc_trees
  status=ACTIVE
  port 0: (queue) OPEN  ; channel: -
  port 1: (queue) OPEN  ; channel: -
  port 2: (cntrl) -     ; channel: $

[process] modify_gctree_colors
  status=ACTIVE
  port 0: (queue) OPEN  ; channel: -
  port 1: (queue) OPEN  ; channel: -
  port 2: (queue) OPEN  ; channel: -
  port 3: (queue) OPEN  ; channel: -
  port 4: (value) bound ; channel: modify_tree_colors
  port 5: (value) bound ; channel: color_path
  port 6: (cntrl) -     ; channel: $

Jul-10 11:49:03.783 [main] DEBUG nextflow.Session - Session await > all processes finished
Jul-10 11:49:03.807 [main] DEBUG nextflow.Session - Session await > all barriers passed
Jul-10 11:49:03.818 [main] WARN  n.processor.TaskPollingMonitor - Killing running tasks (7)
Jul-10 11:49:03.898 [main] DEBUG nextflow.trace.WorkflowStatsObserver - Workflow completed > WorkflowStats[succeededCount=0; failedCount=1; ignoredCount=0; cachedCount=152; pendingCount=247; submittedCount=2; runningCount=-2; retriesCount=0; abortedCount=7; succeedDuration=0ms; failedDuration=34ms; cachedDuration=1m 57s;loadCpus=-2; loadMemory=0; peakRunning=6; peakCpus=6; peakMemory=0; ]
Jul-10 11:49:03.972 [main] DEBUG nextflow.cache.CacheDB - Closing CacheDB done
Jul-10 11:49:03.982 [main] DEBUG nextflow.script.ScriptRunner - > Execution complete -- Goodbye
